2025-04-26 08:38:36,514 - server - INFO - === Starting Mindful Creator Backend Service ===
2025-04-26 08:38:36,514 - server - INFO - Loading environment variables...
2025-04-26 08:38:36,515 - server - INFO - Environment variable configuration status:
2025-04-26 08:38:36,515 - server - INFO - - YOUTUBE_API_KEY: Set
2025-04-26 08:38:36,515 - server - INFO - - SPACE_API_URL: Set
2025-04-26 08:38:36,515 - server - INFO - - CORS_ORIGIN: Set
2025-04-26 08:38:36,515 - server - INFO - Starting FastAPI server, listening on 0.0.0.0:8000...
2025-04-26 08:38:36,626 - server - INFO - === Starting Mindful Creator Backend Service ===
2025-04-26 08:38:36,626 - server - INFO - Loading environment variables...
2025-04-26 08:38:36,626 - server - INFO - Environment variable configuration status:
2025-04-26 08:38:36,626 - server - INFO - - YOUTUBE_API_KEY: Set
2025-04-26 08:38:36,627 - server - INFO - - SPACE_API_URL: Set
2025-04-26 08:38:36,627 - server - INFO - - CORS_ORIGIN: Set
2025-04-26 08:39:24,876 - server - INFO - === Starting Mindful Creator Backend Service ===
2025-04-26 08:39:24,876 - server - INFO - Loading environment variables...
2025-04-26 08:39:24,876 - server - INFO - Environment variable configuration status:
2025-04-26 08:39:24,877 - server - INFO - - YOUTUBE_API_KEY: Set
2025-04-26 08:39:24,877 - server - INFO - - SPACE_API_URL: Set
2025-04-26 08:39:24,877 - server - INFO - - CORS_ORIGIN: Set
2025-04-26 08:39:38,314 - server - INFO - === Starting Mindful Creator Backend Service ===
2025-04-26 08:39:38,314 - server - INFO - Loading environment variables...
2025-04-26 08:39:38,315 - server - INFO - Environment variable configuration status:
2025-04-26 08:39:38,315 - server - INFO - - YOUTUBE_API_KEY: Set
2025-04-26 08:39:38,315 - server - INFO - - SPACE_API_URL: Set
2025-04-26 08:39:38,315 - server - INFO - - CORS_ORIGIN: Set
2025-04-26 08:40:01,509 - server - INFO - === Starting Mindful Creator Backend Service ===
2025-04-26 08:40:01,510 - server - INFO - Loading environment variables...
2025-04-26 08:40:01,510 - server - INFO - Environment variable configuration status:
2025-04-26 08:40:01,510 - server - INFO - - YOUTUBE_API_KEY: Set
2025-04-26 08:40:01,510 - server - INFO - - SPACE_API_URL: Set
2025-04-26 08:40:01,510 - server - INFO - - CORS_ORIGIN: Set
2025-04-26 08:40:01,995 - app.api.youtube.analyzer - INFO - YOUTUBE_API_KEY set: True
2025-04-26 08:40:14,354 - server - INFO - === Starting Mindful Creator Backend Service ===
2025-04-26 08:40:14,355 - server - INFO - Loading environment variables...
2025-04-26 08:40:14,355 - server - INFO - Environment variable configuration status:
2025-04-26 08:40:14,355 - server - INFO - - YOUTUBE_API_KEY: Set
2025-04-26 08:40:14,355 - server - INFO - - SPACE_API_URL: Set
2025-04-26 08:40:14,355 - server - INFO - - CORS_ORIGIN: Set
2025-04-26 08:40:14,355 - server - INFO - Starting FastAPI server, listening on 0.0.0.0:8000...
2025-04-26 08:41:16,748 - server - INFO - === Starting Mindful Creator Backend Service ===
2025-04-26 08:41:16,748 - server - INFO - Loading environment variables...
2025-04-26 08:41:16,749 - server - INFO - Environment variable configuration status:
2025-04-26 08:41:16,749 - server - INFO - - YOUTUBE_API_KEY: Set
2025-04-26 08:41:16,749 - server - INFO - - SPACE_API_URL: Set
2025-04-26 08:41:16,749 - server - INFO - - CORS_ORIGIN: Set
2025-04-26 08:41:16,749 - server - INFO - Starting FastAPI server, listening on 0.0.0.0:8000...
2025-04-26 08:41:16,840 - server - INFO - === Starting Mindful Creator Backend Service ===
2025-04-26 08:41:16,840 - server - INFO - Loading environment variables...
2025-04-26 08:41:16,840 - server - INFO - Environment variable configuration status:
2025-04-26 08:41:16,840 - server - INFO - - YOUTUBE_API_KEY: Set
2025-04-26 08:41:16,840 - server - INFO - - SPACE_API_URL: Set
2025-04-26 08:41:16,840 - server - INFO - - CORS_ORIGIN: Set
2025-04-26 08:41:17,272 - app.api.youtube.analyzer - INFO - YOUTUBE_API_KEY set: True
2025-04-26 08:41:22,160 - app.api.youtube.analyzer - INFO - Starting YouTube video comment analysis: https://www.youtube.com/watch?v=dQw4w9WgXcQ
2025-04-26 08:41:22,160 - app.api.youtube.analyzer - INFO - Fetching YouTube comments...
2025-04-26 08:41:22,160 - app.api.youtube.analyzer - INFO - Extracting video ID from URL: https://www.youtube.com/watch?v=dQw4w9WgXcQ
2025-04-26 08:41:22,160 - app.api.youtube.analyzer - INFO - Extracted video ID from standard YouTube URL: dQw4w9WgXcQ
2025-04-26 08:41:22,160 - app.api.youtube.analyzer - INFO - Extracted video ID: dQw4w9WgXcQ
2025-04-26 08:41:22,160 - app.api.youtube.analyzer - INFO - Initialising YouTube API client...
2025-04-26 08:41:22,164 - googleapiclient.discovery_cache - INFO - file_cache is only supported with oauth2client<4.0.0
2025-04-26 08:41:22,168 - app.api.youtube.analyzer - INFO - Fetching YouTube comments, limit: 10
2025-04-26 08:41:22,169 - app.api.youtube.analyzer - INFO - Fetching comment batch, currently retrieved: 0
2025-04-26 08:41:22,517 - app.api.youtube.analyzer - INFO - Retrieved 10 comments in this batch
2025-04-26 08:41:22,517 - app.api.youtube.analyzer - INFO - No next page token or comment limit reached
2025-04-26 08:41:22,518 - app.api.youtube.analyzer - INFO - Successfully retrieved 10 comments
2025-04-26 08:41:22,518 - app.api.youtube.analyzer - INFO - Starting Space API analysis of 10 comments...
2025-04-26 08:41:22,518 - app.api.youtube.analyzer - INFO - Initialising Hugging Face Space client: Jet-12138/CommentResponse
2025-04-26 08:41:24,509 - app.api.youtube.analyzer - INFO - Sending 10 comments to HF Space for analysis
2025-04-26 08:41:24,509 - app.api.youtube.analyzer - INFO - Calling Space API predict endpoint...
2025-04-26 08:41:24,510 - app.api.youtube.analyzer - ERROR - Space API error while analysing comments: unsupported operand type(s) for /: 'PosixPath' and 'list'
2025-04-26 08:41:24,510 - app.api.youtube.analyzer - ERROR - Detailed error information
Traceback (most recent call last):
  File "/Users/tiezhumacbook/Desktop/mindful-creator/backend/app/api/youtube/analyzer.py", line 170, in analyse_comments_with_space_api
    api_result = client.predict(
        comments,  # Pass comment list directly, no nesting needed
        api_name="/predict"
    )
  File "/Users/tiezhumacbook/Desktop/mindful-creator/.venv/lib/python3.13/site-packages/gradio_client/client.py", line 285, in predict
    return self.submit(*args, api_name=api_name, fn_index=fn_index).result()
           ~~~~~~~~~~~~~~~~~~~~~~~~~~~~~~~~~~~~~~~~~~~~~~~~~~~~~~~~~~~~~~~^^
  File "/Users/tiezhumacbook/Desktop/mindful-creator/.venv/lib/python3.13/site-packages/gradio_client/client.py", line 973, in result
    raise self.future._exception  # type: ignore
    ^^^^^^^^^^^^^^^^^^^^^^^^^^^^
  File "/Library/Frameworks/Python.framework/Versions/3.13/lib/python3.13/concurrent/futures/thread.py", line 59, in run
    result = self.fn(*self.args, **self.kwargs)
  File "/Users/tiezhumacbook/Desktop/mindful-creator/.venv/lib/python3.13/site-packages/gradio_client/client.py", line 644, in _inner
    data = self.serialize(*data)
  File "/Users/tiezhumacbook/Desktop/mindful-creator/.venv/lib/python3.13/site-packages/gradio_client/client.py", line 814, in serialize
    o = tuple([s.serialize(d) for s, d in zip(self.serializers, data)])
               ~~~~~~~~~~~^^^
  File "/Users/tiezhumacbook/Desktop/mindful-creator/.venv/lib/python3.13/site-packages/gradio_client/serializing.py", line 420, in serialize
    return utils.file_to_json(Path(load_dir) / x)
                              ~~~~~~~~~~~~~~~^~~
TypeError: unsupported operand type(s) for /: 'PosixPath' and 'list'
2025-04-26 08:41:24,513 - app.api.youtube.analyzer - ERROR - Error analysing comments: Error analysing comments: unsupported operand type(s) for /: 'PosixPath' and 'list'
2025-04-26 08:41:47,266 - server - INFO - === Starting Mindful Creator Backend Service ===
2025-04-26 08:41:47,266 - server - INFO - Loading environment variables...
2025-04-26 08:41:47,266 - server - INFO - Environment variable configuration status:
2025-04-26 08:41:47,266 - server - INFO - - YOUTUBE_API_KEY: Set
2025-04-26 08:41:47,266 - server - INFO - - SPACE_API_URL: Set
2025-04-26 08:41:47,266 - server - INFO - - CORS_ORIGIN: Set
2025-04-26 08:41:47,649 - app.api.youtube.analyzer - INFO - YOUTUBE_API_KEY set: True
2025-04-26 08:45:23,834 - server - INFO - === Starting Mindful Creator Backend Service ===
2025-04-26 08:45:23,834 - server - INFO - Loading environment variables...
2025-04-26 08:45:23,835 - server - INFO - Environment variable configuration status:
2025-04-26 08:45:23,835 - server - INFO - - YOUTUBE_API_KEY: Set
2025-04-26 08:45:23,835 - server - INFO - - SPACE_API_URL: Set
2025-04-26 08:45:23,835 - server - INFO - - CORS_ORIGIN: Set
2025-04-26 08:45:24,190 - app.api.youtube.analyzer - INFO - YOUTUBE_API_KEY set: True
2025-04-26 08:45:56,484 - server - INFO - === Starting Mindful Creator Backend Service ===
2025-04-26 08:45:56,484 - server - INFO - Loading environment variables...
2025-04-26 08:45:56,485 - server - INFO - Environment variable configuration status:
2025-04-26 08:45:56,485 - server - INFO - - YOUTUBE_API_KEY: Set
2025-04-26 08:45:56,485 - server - INFO - - SPACE_API_URL: Set
2025-04-26 08:45:56,485 - server - INFO - - CORS_ORIGIN: Set
2025-04-26 08:45:56,848 - app.api.youtube.analyzer - INFO - YOUTUBE_API_KEY set: True
2025-04-26 08:46:01,468 - server - INFO - === Starting Mindful Creator Backend Service ===
2025-04-26 08:46:01,469 - server - INFO - Loading environment variables...
2025-04-26 08:46:01,469 - server - INFO - Environment variable configuration status:
2025-04-26 08:46:01,469 - server - INFO - - YOUTUBE_API_KEY: Set
2025-04-26 08:46:01,469 - server - INFO - - SPACE_API_URL: Set
2025-04-26 08:46:01,469 - server - INFO - - CORS_ORIGIN: Set
2025-04-26 08:46:01,785 - app.api.youtube.analyzer - INFO - YOUTUBE_API_KEY set: True
2025-04-26 08:46:48,073 - server - INFO - === Starting Mindful Creator Backend Service ===
2025-04-26 08:46:48,074 - server - INFO - Loading environment variables...
2025-04-26 08:46:48,074 - server - INFO - Environment variable configuration status:
2025-04-26 08:46:48,074 - server - INFO - - YOUTUBE_API_KEY: Set
2025-04-26 08:46:48,074 - server - INFO - - SPACE_API_URL: Set
2025-04-26 08:46:48,074 - server - INFO - - CORS_ORIGIN: Set
2025-04-26 08:46:48,460 - app.api.youtube.analyzer - INFO - YOUTUBE_API_KEY set: True
2025-04-26 08:47:21,399 - server - INFO - === Starting Mindful Creator Backend Service ===
2025-04-26 08:47:21,400 - server - INFO - Loading environment variables...
2025-04-26 08:47:21,401 - server - INFO - Environment variable configuration status:
2025-04-26 08:47:21,401 - server - INFO - - YOUTUBE_API_KEY: Set
2025-04-26 08:47:21,401 - server - INFO - - SPACE_API_URL: Set
2025-04-26 08:47:21,401 - server - INFO - - CORS_ORIGIN: Set
2025-04-26 08:47:21,772 - app.api.youtube.analyzer - INFO - YOUTUBE_API_KEY set: True
2025-04-26 08:48:05,124 - server - INFO - === Starting Mindful Creator Backend Service ===
2025-04-26 08:48:05,124 - server - INFO - Loading environment variables...
2025-04-26 08:48:05,125 - server - INFO - Environment variable configuration status:
2025-04-26 08:48:05,125 - server - INFO - - YOUTUBE_API_KEY: Set
2025-04-26 08:48:05,125 - server - INFO - - SPACE_API_URL: Set
2025-04-26 08:48:05,125 - server - INFO - - CORS_ORIGIN: Set
2025-04-26 08:48:05,502 - app.api.youtube.analyzer - INFO - YOUTUBE_API_KEY set: True
2025-04-26 08:48:33,834 - server - INFO - === Starting Mindful Creator Backend Service ===
2025-04-26 08:48:33,835 - server - INFO - Loading environment variables...
2025-04-26 08:48:33,835 - server - INFO - Environment variable configuration status:
2025-04-26 08:48:33,835 - server - INFO - - YOUTUBE_API_KEY: Set
2025-04-26 08:48:33,835 - server - INFO - - SPACE_API_URL: Set
2025-04-26 08:48:33,835 - server - INFO - - CORS_ORIGIN: Set
2025-04-26 08:48:34,168 - app.api.youtube.analyzer - INFO - YOUTUBE_API_KEY set: True
2025-04-26 08:50:41,980 - server - INFO - === Starting Mindful Creator Backend Service ===
2025-04-26 08:50:41,980 - server - INFO - Loading environment variables...
2025-04-26 08:50:41,981 - server - INFO - Environment variable configuration status:
2025-04-26 08:50:41,981 - server - INFO - - YOUTUBE_API_KEY: Set
2025-04-26 08:50:41,981 - server - INFO - - SPACE_API_URL: Set
2025-04-26 08:50:41,981 - server - INFO - - CORS_ORIGIN: Set
2025-04-26 08:50:42,416 - app.api.youtube.analyzer - INFO - YOUTUBE_API_KEY set: True
2025-04-26 08:51:46,277 - server - INFO - === Starting Mindful Creator Backend Service ===
2025-04-26 08:51:46,277 - server - INFO - Loading environment variables...
2025-04-26 08:51:46,277 - server - INFO - Environment variable configuration status:
2025-04-26 08:51:46,277 - server - INFO - - YOUTUBE_API_KEY: Set
2025-04-26 08:51:46,277 - server - INFO - - SPACE_API_URL: Set
2025-04-26 08:51:46,277 - server - INFO - - CORS_ORIGIN: Set
2025-04-26 08:51:46,784 - app.api.youtube.analyzer - INFO - YOUTUBE_API_KEY set: True
2025-04-26 08:51:55,854 - server - INFO - === Starting Mindful Creator Backend Service ===
2025-04-26 08:51:55,856 - server - INFO - Loading environment variables...
2025-04-26 08:51:55,857 - server - INFO - Environment variable configuration status:
2025-04-26 08:51:55,858 - server - INFO - - YOUTUBE_API_KEY: Set
2025-04-26 08:51:55,858 - server - INFO - - SPACE_API_URL: Set
2025-04-26 08:51:55,858 - server - INFO - - CORS_ORIGIN: Set
2025-04-26 08:51:56,622 - app.api.youtube.analyzer - INFO - YOUTUBE_API_KEY set: True
2025-04-26 08:52:35,420 - server - INFO - === Starting Mindful Creator Backend Service ===
2025-04-26 08:52:35,421 - server - INFO - Loading environment variables...
2025-04-26 08:52:35,422 - server - INFO - Environment variable configuration status:
2025-04-26 08:52:35,422 - server - INFO - - YOUTUBE_API_KEY: Set
2025-04-26 08:52:35,422 - server - INFO - - SPACE_API_URL: Set
2025-04-26 08:52:35,422 - server - INFO - - CORS_ORIGIN: Set
2025-04-26 08:54:49,630 - server - INFO - === Starting Mindful Creator Backend Service ===
2025-04-26 08:54:49,631 - server - INFO - Loading environment variables...
2025-04-26 08:54:49,635 - server - INFO - Environment variable configuration status:
2025-04-26 08:54:49,635 - server - INFO - - YOUTUBE_API_KEY: Set
2025-04-26 08:54:49,635 - server - INFO - - SPACE_API_URL: Set
2025-04-26 08:54:49,635 - server - INFO - - CORS_ORIGIN: Set
2025-04-27 00:08:05,478 - server - INFO - === Starting Mindful Creator Backend Service ===
2025-04-27 00:08:05,479 - server - INFO - Loading environment variables...
2025-04-27 00:08:05,480 - server - INFO - Environment variable configuration status:
2025-04-27 00:08:05,480 - server - INFO - - YOUTUBE_API_KEY: Set
2025-04-27 00:08:05,480 - server - INFO - - SPACE_API_URL: Set
2025-04-27 00:08:05,480 - server - INFO - - CORS_ORIGIN: Set
2025-04-27 00:08:05,480 - server - INFO - Starting FastAPI server, listening on 0.0.0.0:8000...
2025-04-27 00:08:05,606 - server - INFO - === Starting Mindful Creator Backend Service ===
2025-04-27 00:08:05,606 - server - INFO - Loading environment variables...
2025-04-27 00:08:05,607 - server - INFO - Environment variable configuration status:
2025-04-27 00:08:05,607 - server - INFO - - YOUTUBE_API_KEY: Set
2025-04-27 00:08:05,607 - server - INFO - - SPACE_API_URL: Set
2025-04-27 00:08:05,607 - server - INFO - - CORS_ORIGIN: Set
2025-04-27 00:10:03,237 - server - INFO - === Starting Mindful Creator Backend Service ===
2025-04-27 00:10:03,237 - server - INFO - Loading environment variables...
2025-04-27 00:10:03,238 - server - INFO - Environment variable configuration status:
2025-04-27 00:10:03,238 - server - INFO - - YOUTUBE_API_KEY: Set
2025-04-27 00:10:03,238 - server - INFO - - SPACE_API_URL: Set
2025-04-27 00:10:03,238 - server - INFO - - CORS_ORIGIN: Set
2025-04-27 00:10:03,238 - server - INFO - Starting FastAPI server, listening on 0.0.0.0:8000...
2025-04-27 00:10:22,049 - server - INFO - === Starting Mindful Creator Backend Service ===
2025-04-27 00:10:22,049 - server - INFO - Loading environment variables...
2025-04-27 00:10:22,050 - server - INFO - Environment variable configuration status:
2025-04-27 00:10:22,050 - server - INFO - - YOUTUBE_API_KEY: Set
2025-04-27 00:10:22,050 - server - INFO - - SPACE_API_URL: Set
2025-04-27 00:10:22,050 - server - INFO - - CORS_ORIGIN: Set
2025-04-27 00:10:22,050 - server - INFO - Starting FastAPI server, listening on 0.0.0.0:8000...
2025-04-27 00:11:03,636 - server - INFO - === Starting Mindful Creator Backend Service ===
2025-04-27 00:11:03,636 - server - INFO - Loading environment variables...
2025-04-27 00:11:03,637 - server - INFO - Environment variable configuration status:
2025-04-27 00:11:03,637 - server - INFO - - YOUTUBE_API_KEY: Set
2025-04-27 00:11:03,637 - server - INFO - - SPACE_API_URL: Set
2025-04-27 00:11:03,637 - server - INFO - - CORS_ORIGIN: Set
2025-04-27 00:11:03,637 - server - INFO - Starting FastAPI server, listening on 0.0.0.0:8000...
2025-04-27 00:11:03,741 - server - INFO - === Starting Mindful Creator Backend Service ===
2025-04-27 00:11:03,742 - server - INFO - Loading environment variables...
2025-04-27 00:11:03,742 - server - INFO - Environment variable configuration status:
2025-04-27 00:11:03,742 - server - INFO - - YOUTUBE_API_KEY: Set
2025-04-27 00:11:03,742 - server - INFO - - SPACE_API_URL: Set
2025-04-27 00:11:03,742 - server - INFO - - CORS_ORIGIN: Set
2025-04-27 00:13:15,728 - app.api.youtube.analyzer - INFO - YOUTUBE_API_KEY set: True
2025-04-27 00:13:24,255 - app.api.youtube.analyzer - INFO - Starting YouTube video comment analysis: https://www.youtube.com/watch?v=dQw4w9WgXcQ
2025-04-27 00:13:24,255 - app.api.youtube.analyzer - INFO - Fetching YouTube comments...
2025-04-27 00:13:24,255 - app.api.youtube.analyzer - INFO - Extracting video ID from URL: https://www.youtube.com/watch?v=dQw4w9WgXcQ
2025-04-27 00:13:24,256 - app.api.youtube.analyzer - INFO - Extracted video ID from standard YouTube URL: dQw4w9WgXcQ
2025-04-27 00:13:24,256 - app.api.youtube.analyzer - INFO - Extracted video ID: dQw4w9WgXcQ
2025-04-27 00:13:24,256 - app.api.youtube.analyzer - INFO - Initialising YouTube API client...
2025-04-27 00:13:24,259 - googleapiclient.discovery_cache - INFO - file_cache is only supported with oauth2client<4.0.0
2025-04-27 00:13:24,261 - app.api.youtube.analyzer - INFO - Fetching YouTube comments, limit: 5
2025-04-27 00:13:24,262 - app.api.youtube.analyzer - INFO - Fetching comment batch, currently retrieved: 0
2025-04-27 00:13:24,571 - app.api.youtube.analyzer - INFO - Retrieved 5 comments in this batch
2025-04-27 00:13:24,571 - app.api.youtube.analyzer - INFO - No next page token or comment limit reached
2025-04-27 00:13:24,571 - app.api.youtube.analyzer - INFO - Successfully retrieved 5 comments
2025-04-27 00:13:24,571 - app.api.youtube.analyzer - INFO - Starting Space API analysis of 5 comments...
2025-04-27 00:13:24,571 - app.api.youtube.analyzer - INFO - Initialising Gradio client for Space inference...
2025-04-27 00:13:49,791 - httpx - INFO - HTTP Request: GET https://jet-12138-commentresponse.hf.space/config "HTTP/1.1 200 OK"
2025-04-27 00:13:50,751 - httpx - INFO - HTTP Request: GET https://jet-12138-commentresponse.hf.space/gradio_api/info?serialize=False "HTTP/1.1 200 OK"
2025-04-27 00:13:51,796 - httpx - INFO - HTTP Request: GET https://jet-12138-commentresponse.hf.space/gradio_api/heartbeat/9b3785ce-53e8-485b-a85c-1fe185248e89 "HTTP/1.1 200 OK"
2025-04-27 00:13:51,809 - httpx - INFO - HTTP Request: POST https://jet-12138-commentresponse.hf.space/gradio_api/queue/join "HTTP/1.1 200 OK"
2025-04-27 00:13:52,812 - httpx - INFO - HTTP Request: GET https://jet-12138-commentresponse.hf.space/gradio_api/queue/data?session_hash=9b3785ce-53e8-485b-a85c-1fe185248e89 "HTTP/1.1 200 OK"
2025-04-27 00:13:52,832 - app.api.youtube.analyzer - INFO - Space call completed in 2.08s
2025-04-27 00:13:52,832 - app.api.youtube.analyzer - INFO - Sentiment counts received – positive=3, neutral=1, negative=1
2025-04-27 00:13:52,832 - app.api.youtube.analyzer - INFO - Toxicity: 0 toxic comments (0.0%)
2025-04-27 00:13:52,832 - app.api.youtube.analyzer - INFO - Comment analysis complete, preparing results
2025-04-27 00:14:24,080 - app.api.youtube.analyzer - INFO - Starting YouTube video comment analysis: https://www.youtube.com/watch?v=dQw4w9WgXcQ
2025-04-27 00:14:24,080 - app.api.youtube.analyzer - INFO - Fetching YouTube comments...
2025-04-27 00:14:24,080 - app.api.youtube.analyzer - INFO - Extracting video ID from URL: https://www.youtube.com/watch?v=dQw4w9WgXcQ
2025-04-27 00:14:24,080 - app.api.youtube.analyzer - INFO - Extracted video ID from standard YouTube URL: dQw4w9WgXcQ
2025-04-27 00:14:24,080 - app.api.youtube.analyzer - INFO - Extracted video ID: dQw4w9WgXcQ
2025-04-27 00:14:24,080 - app.api.youtube.analyzer - INFO - Initialising YouTube API client...
2025-04-27 00:14:24,083 - googleapiclient.discovery_cache - INFO - file_cache is only supported with oauth2client<4.0.0
2025-04-27 00:14:24,092 - app.api.youtube.analyzer - INFO - Fetching YouTube comments, limit: 5
2025-04-27 00:14:24,094 - app.api.youtube.analyzer - INFO - Fetching comment batch, currently retrieved: 0
2025-04-27 00:14:24,415 - app.api.youtube.analyzer - INFO - Retrieved 5 comments in this batch
2025-04-27 00:14:24,416 - app.api.youtube.analyzer - INFO - No next page token or comment limit reached
2025-04-27 00:14:24,416 - app.api.youtube.analyzer - INFO - Successfully retrieved 5 comments
2025-04-27 00:14:24,416 - app.api.youtube.analyzer - INFO - Starting Space API analysis of 5 comments...
2025-04-27 00:14:24,416 - app.api.youtube.analyzer - INFO - Initialising Gradio client for Space inference...
2025-04-27 00:14:26,186 - httpx - INFO - HTTP Request: GET https://jet-12138-commentresponse.hf.space/config "HTTP/1.1 200 OK"
2025-04-27 00:14:27,182 - httpx - INFO - HTTP Request: GET https://jet-12138-commentresponse.hf.space/gradio_api/info?serialize=False "HTTP/1.1 200 OK"
2025-04-27 00:14:28,168 - httpx - INFO - HTTP Request: POST https://jet-12138-commentresponse.hf.space/gradio_api/queue/join "HTTP/1.1 200 OK"
2025-04-27 00:14:28,169 - httpx - INFO - HTTP Request: GET https://jet-12138-commentresponse.hf.space/gradio_api/heartbeat/ca6f115a-707d-4f46-8966-f77f89cbefdb "HTTP/1.1 200 OK"
2025-04-27 00:14:29,165 - httpx - INFO - HTTP Request: GET https://jet-12138-commentresponse.hf.space/gradio_api/queue/data?session_hash=ca6f115a-707d-4f46-8966-f77f89cbefdb "HTTP/1.1 200 OK"
2025-04-27 00:14:29,190 - app.api.youtube.analyzer - INFO - Space call completed in 2.01s
2025-04-27 00:14:29,190 - app.api.youtube.analyzer - INFO - Sentiment counts received – positive=3, neutral=1, negative=1
2025-04-27 00:14:29,190 - app.api.youtube.analyzer - INFO - Toxicity: 0 toxic comments (0.0%)
2025-04-27 00:14:29,190 - app.api.youtube.analyzer - INFO - Comment analysis complete, preparing results
2025-04-27 02:52:09,926 - server - INFO - === Starting Mindful Creator Backend Service ===
2025-04-27 02:52:09,927 - server - INFO - Loading environment variables...
2025-04-27 02:52:09,927 - server - INFO - Environment variable configuration status:
2025-04-27 02:52:09,927 - server - INFO - - YOUTUBE_API_KEY: Set
2025-04-27 02:52:09,927 - server - INFO - - SPACE_API_URL: Set
2025-04-27 02:52:09,928 - server - INFO - - CORS_ORIGIN: Set
2025-04-27 02:52:09,928 - server - INFO - Starting FastAPI server, listening on 0.0.0.0:8000...
2025-04-27 02:52:10,017 - server - INFO - === Starting Mindful Creator Backend Service ===
2025-04-27 02:52:10,017 - server - INFO - Loading environment variables...
2025-04-27 02:52:10,017 - server - INFO - Environment variable configuration status:
2025-04-27 02:52:10,017 - server - INFO - - YOUTUBE_API_KEY: Set
2025-04-27 02:52:10,018 - server - INFO - - SPACE_API_URL: Set
2025-04-27 02:52:10,018 - server - INFO - - CORS_ORIGIN: Set
2025-04-27 02:52:10,557 - app.api.youtube.analyzer - INFO - YOUTUBE_API_KEY set: True
2025-04-27 02:53:53,026 - server - INFO - === Starting Mindful Creator Backend Service ===
2025-04-27 02:53:53,028 - server - INFO - Loading environment variables...
2025-04-27 02:53:53,031 - server - INFO - Environment variable configuration status:
2025-04-27 02:53:53,031 - server - INFO - - YOUTUBE_API_KEY: Set
2025-04-27 02:53:53,031 - server - INFO - - SPACE_API_URL: Set
2025-04-27 02:53:53,031 - server - INFO - - CORS_ORIGIN: Set
2025-04-27 02:53:53,713 - app.api.youtube.analyzer - INFO - YOUTUBE_API_KEY set: True
2025-04-27 02:57:04,819 - server - INFO - === Starting Mindful Creator Backend Service ===
2025-04-27 02:57:04,821 - server - INFO - Loading environment variables...
2025-04-27 02:57:04,827 - server - INFO - Environment variable configuration status:
2025-04-27 02:57:04,827 - server - INFO - - YOUTUBE_API_KEY: Set
2025-04-27 02:57:04,827 - server - INFO - - SPACE_API_URL: Set
2025-04-27 02:57:04,827 - server - INFO - - CORS_ORIGIN: Set
2025-04-27 02:57:05,356 - app.api.youtube.analyzer - INFO - YOUTUBE_API_KEY set: True
2025-04-27 02:57:39,060 - server - INFO - === Starting Mindful Creator Backend Service ===
2025-04-27 02:57:39,060 - server - INFO - Loading environment variables...
2025-04-27 02:57:39,061 - server - INFO - Environment variable configuration status:
2025-04-27 02:57:39,061 - server - INFO - - YOUTUBE_API_KEY: Set
2025-04-27 02:57:39,061 - server - INFO - - SPACE_API_URL: Set
2025-04-27 02:57:39,061 - server - INFO - - CORS_ORIGIN: Set
2025-04-27 02:57:39,061 - server - INFO - Starting FastAPI server, listening on 0.0.0.0:8000...
2025-04-27 02:57:56,365 - server - INFO - === Starting Mindful Creator Backend Service ===
2025-04-27 02:57:56,366 - server - INFO - Loading environment variables...
2025-04-27 02:57:56,366 - server - INFO - Environment variable configuration status:
2025-04-27 02:57:56,366 - server - INFO - - YOUTUBE_API_KEY: Set
2025-04-27 02:57:56,366 - server - INFO - - SPACE_API_URL: Set
2025-04-27 02:57:56,366 - server - INFO - - CORS_ORIGIN: Set
2025-04-27 02:57:56,366 - server - INFO - Starting FastAPI server, listening on 0.0.0.0:8000...
2025-04-27 02:57:56,468 - server - INFO - === Starting Mindful Creator Backend Service ===
2025-04-27 02:57:56,468 - server - INFO - Loading environment variables...
2025-04-27 02:57:56,468 - server - INFO - Environment variable configuration status:
2025-04-27 02:57:56,468 - server - INFO - - YOUTUBE_API_KEY: Set
2025-04-27 02:57:56,468 - server - INFO - - SPACE_API_URL: Set
2025-04-27 02:57:56,468 - server - INFO - - CORS_ORIGIN: Set
2025-04-27 02:57:56,961 - app.api.youtube.analyzer - INFO - YOUTUBE_API_KEY set: True
2025-04-27 03:03:19,731 - server - INFO - === Starting Mindful Creator Backend Service ===
2025-04-27 03:03:19,731 - server - INFO - Loading environment variables...
2025-04-27 03:03:19,732 - server - INFO - Environment variable configuration status:
2025-04-27 03:03:19,732 - server - INFO - - YOUTUBE_API_KEY: Set
2025-04-27 03:03:19,732 - server - INFO - - SPACE_API_URL: Set
2025-04-27 03:03:19,732 - server - INFO - - CORS_ORIGIN: Set
2025-04-27 03:03:20,302 - app.api.youtube.analyzer - INFO - YOUTUBE_API_KEY set: True
2025-04-27 03:04:57,103 - server - INFO - === Starting Mindful Creator Backend Service ===
2025-04-27 03:04:57,104 - server - INFO - Loading environment variables...
2025-04-27 03:04:57,104 - server - INFO - Environment variable configuration status:
2025-04-27 03:04:57,104 - server - INFO - - YOUTUBE_API_KEY: Set
2025-04-27 03:04:57,104 - server - INFO - - SPACE_API_URL: Set
2025-04-27 03:04:57,104 - server - INFO - - CORS_ORIGIN: Set
2025-04-27 03:04:57,618 - app.api.youtube.analyzer - INFO - YOUTUBE_API_KEY set: True
2025-04-27 03:06:17,187 - server - INFO - === Starting Mindful Creator Backend Service ===
2025-04-27 03:06:17,188 - server - INFO - Loading environment variables...
2025-04-27 03:06:17,189 - server - INFO - Environment variable configuration status:
2025-04-27 03:06:17,189 - server - INFO - - YOUTUBE_API_KEY: Set
2025-04-27 03:06:17,189 - server - INFO - - SPACE_API_URL: Set
2025-04-27 03:06:17,189 - server - INFO - - CORS_ORIGIN: Set
2025-04-27 03:06:17,702 - app.api.youtube.analyzer - INFO - YOUTUBE_API_KEY set: True
2025-04-27 03:06:44,990 - server - INFO - === Starting Mindful Creator Backend Service ===
2025-04-27 03:06:44,990 - server - INFO - Loading environment variables...
2025-04-27 03:06:44,991 - server - INFO - Environment variable configuration status:
2025-04-27 03:06:44,991 - server - INFO - - YOUTUBE_API_KEY: Set
2025-04-27 03:06:44,991 - server - INFO - - SPACE_API_URL: Set
2025-04-27 03:06:44,991 - server - INFO - - CORS_ORIGIN: Set
2025-04-27 03:06:45,489 - app.api.youtube.analyzer - INFO - YOUTUBE_API_KEY set: True
2025-04-27 03:07:05,251 - server - INFO - === Starting Mindful Creator Backend Service ===
2025-04-27 03:07:05,252 - server - INFO - Loading environment variables...
2025-04-27 03:07:05,253 - server - INFO - Environment variable configuration status:
2025-04-27 03:07:05,253 - server - INFO - - YOUTUBE_API_KEY: Set
2025-04-27 03:07:05,253 - server - INFO - - SPACE_API_URL: Set
2025-04-27 03:07:05,253 - server - INFO - - CORS_ORIGIN: Set
2025-04-27 03:07:05,253 - server - INFO - Starting FastAPI server, listening on 0.0.0.0:8000...
2025-04-27 03:07:33,692 - server - INFO - === Starting Mindful Creator Backend Service ===
2025-04-27 03:07:33,693 - server - INFO - Loading environment variables...
2025-04-27 03:07:33,694 - server - INFO - Environment variable configuration status:
2025-04-27 03:07:33,694 - server - INFO - - YOUTUBE_API_KEY: Set
2025-04-27 03:07:33,694 - server - INFO - - SPACE_API_URL: Set
2025-04-27 03:07:33,694 - server - INFO - - CORS_ORIGIN: Set
2025-04-27 03:07:33,694 - server - INFO - Starting FastAPI server, listening on 0.0.0.0:8000...
2025-04-27 03:10:20,551 - server - INFO - === Starting Mindful Creator Backend Service ===
2025-04-27 03:10:20,552 - server - INFO - Loading environment variables...
2025-04-27 03:10:20,553 - server - INFO - Environment variable configuration status:
2025-04-27 03:10:20,553 - server - INFO - - YOUTUBE_API_KEY: Set
2025-04-27 03:10:20,553 - server - INFO - - SPACE_API_URL: Set
2025-04-27 03:10:20,553 - server - INFO - - CORS_ORIGIN: Set
2025-04-27 03:10:21,065 - app.api.youtube.analyzer - INFO - YOUTUBE_API_KEY set: True
2025-04-27 03:12:04,207 - server - INFO - === Starting Mindful Creator Backend Service ===
2025-04-27 03:12:04,207 - server - INFO - Loading environment variables...
2025-04-27 03:12:04,208 - server - INFO - Environment variable configuration status:
2025-04-27 03:12:04,208 - server - INFO - - YOUTUBE_API_KEY: Set
2025-04-27 03:12:04,208 - server - INFO - - SPACE_API_URL: Set
2025-04-27 03:12:04,208 - server - INFO - - CORS_ORIGIN: Set
2025-04-27 03:12:04,702 - app.api.youtube.analyzer - INFO - YOUTUBE_API_KEY set: True
2025-04-27 03:12:12,570 - server - INFO - === Starting Mindful Creator Backend Service ===
2025-04-27 03:12:12,570 - server - INFO - Loading environment variables...
2025-04-27 03:12:12,571 - server - INFO - Environment variable configuration status:
2025-04-27 03:12:12,571 - server - INFO - - YOUTUBE_API_KEY: Set
2025-04-27 03:12:12,571 - server - INFO - - SPACE_API_URL: Set
2025-04-27 03:12:12,571 - server - INFO - - CORS_ORIGIN: Set
2025-04-27 03:12:12,931 - app.api.youtube.analyzer - INFO - YOUTUBE_API_KEY set: True
